0 info it worked if it ends with ok
1 verbose cli [ '/usr/local/bin/node', '/usr/local/bin/npm', 'run', 'start' ]
2 info using npm@4.0.5
3 info using node@v7.4.0
4 verbose run-script [ 'prestart', 'start', 'poststart' ]
5 info lifecycle github-battle@1.0.0~prestart: github-battle@1.0.0
6 silly lifecycle github-battle@1.0.0~prestart: no script for prestart, continuing
7 info lifecycle github-battle@1.0.0~start: github-battle@1.0.0
8 verbose lifecycle github-battle@1.0.0~start: unsafe-perm in lifecycle true
9 verbose lifecycle github-battle@1.0.0~start: PATH: /usr/local/lib/node_modules/npm/bin/node-gyp-bin:/home/saurabh/Music/github-battle/node_modules/.bin:/home/saurabh/local/bin:/home/saurabh/.rvm/gems/ruby-2.3.1/bin:/home/saurabh/.rvm/gems/ruby-2.3.1@global/bin:/home/saurabh/.rvm/rubies/ruby-2.3.1/bin:/home/saurabh/Desktop/cocos2d-x-3.14.1/templates:/home/saurabh/Desktop:/home/saurabh/Desktop/cocos2d-x-3.14.1/tools/cocos2d-console/bin:/usr/local/sbin:/usr/local/bin:/usr/sbin:/usr/bin:/sbin:/bin:/usr/games:/usr/local/games:/snap/bin:/home/saurabh/.rvm/bin:/snap/bin:/home/saurabh/.rvm/bin:/home/saurabh/.rvm/bin
10 verbose lifecycle github-battle@1.0.0~start: CWD: /home/saurabh/Music/github-battle
11 silly lifecycle github-battle@1.0.0~start: Args: [ '-c', 'webpack-dev-server' ]
12 silly lifecycle github-battle@1.0.0~start: Returned: code: 1  signal: null
13 info lifecycle github-battle@1.0.0~start: Failed to exec start script
14 verbose stack Error: github-battle@1.0.0 start: `webpack-dev-server`
14 verbose stack Exit status 1
14 verbose stack     at EventEmitter.<anonymous> (/usr/local/lib/node_modules/npm/lib/utils/lifecycle.js:279:16)
14 verbose stack     at emitTwo (events.js:106:13)
14 verbose stack     at EventEmitter.emit (events.js:191:7)
14 verbose stack     at ChildProcess.<anonymous> (/usr/local/lib/node_modules/npm/lib/utils/spawn.js:40:14)
14 verbose stack     at emitTwo (events.js:106:13)
14 verbose stack     at ChildProcess.emit (events.js:191:7)
14 verbose stack     at maybeClose (internal/child_process.js:885:16)
14 verbose stack     at Process.ChildProcess._handle.onexit (internal/child_process.js:226:5)
15 verbose pkgid github-battle@1.0.0
16 verbose cwd /home/saurabh/Music/github-battle
17 error Linux 4.4.0-64-generic
18 error argv "/usr/local/bin/node" "/usr/local/bin/npm" "run" "start"
19 error node v7.4.0
20 error npm  v4.0.5
21 error code ELIFECYCLE
22 error github-battle@1.0.0 start: `webpack-dev-server`
22 error Exit status 1
23 error Failed at the github-battle@1.0.0 start script 'webpack-dev-server'.
23 error Make sure you have the latest version of node.js and npm installed.
23 error If you do, this is most likely a problem with the github-battle package,
23 error not with npm itself.
23 error Tell the author that this fails on your system:
23 error     webpack-dev-server
23 error You can get information on how to open an issue for this project with:
23 error     npm bugs github-battle
23 error Or if that isn't available, you can get their info via:
23 error     npm owner ls github-battle
23 error There is likely additional logging output above.
24 verbose exit [ 1, true ]
